# JRE version: OpenJDK Runtime Environment (21.0.8) (build 21.0.8+-14196175-b1038.72)
# Java VM: OpenJDK 64-Bit Server VM (21.0.8+-14196175-b1038.72, mixed mode, tiered, compressed oops, compressed class ptrs, g1 gc, windows-amd64)
GC Precious Log:
 CardTable entry size: 512
 Card Set container configuration: InlinePtr #cards 4 size 8 Array Of Cards #cards 32 size 80 Howl #buckets 8 coarsen threshold 7372 Howl Bitmap #cards 1024 size 144 coarsen threshold 921 Card regions per heap region 1 cards per card region 8192
 CPUs: 16 total, 16 available
 Memory: 16087M
 Large Page Support: Disabled
 NUMA Support: Disabled
 Compressed Oops: Enabled (Zero based)
 Heap Region Size: 4M
 Heap Min Capacity: 8M
 Heap Initial Capacity: 252M
 Heap Max Capacity: 8G
 Pre-touch: Disabled
 Parallel Workers: 13
 Concurrent Workers: 3
 Concurrent Refinement Workers: 13
 Periodic GC: Disabled
Heap:
 garbage-first heap   total 565248K, used 409488K [0x0000000600000000, 0x0000000800000000)
  region size 4096K, 30 young (122880K), 4 survivors (16384K)
 Metaspace       used 203407K, committed 206016K, reserved 1245184K
  class space    used 27441K, committed 28736K, reserved 1048576K
GC Heap History (20 events):
Event: 153.678 GC heap before
{Heap before GC invocations=88 (full 0):
 garbage-first heap   total 471040K, used 401999K [0x0000000600000000, 0x0000000800000000)
  region size 4096K, 33 young (135168K), 3 survivors (12288K)
 Metaspace       used 202824K, committed 205504K, reserved 1245184K
  class space    used 27395K, committed 28736K, reserved 1048576K
}
Event: 153.691 GC heap after
{Heap after GC invocations=89 (full 0):
 garbage-first heap   total 471040K, used 279175K [0x0000000600000000, 0x0000000800000000)
  region size 4096K, 3 young (12288K), 3 survivors (12288K)
 Metaspace       used 202824K, committed 205504K, reserved 1245184K
  class space    used 27395K, committed 28736K, reserved 1048576K
}
Event: 159.439 GC heap before
{Heap before GC invocations=89 (full 0):
 garbage-first heap   total 471040K, used 426631K [0x0000000600000000, 0x0000000800000000)
  region size 4096K, 39 young (159744K), 3 survivors (12288K)
 Metaspace       used 202889K, committed 205568K, reserved 1245184K
  class space    used 27404K, committed 28736K, reserved 1048576K
}
Event: 159.455 GC heap after
{Heap after GC invocations=90 (full 0):
 garbage-first heap   total 471040K, used 279136K [0x0000000600000000, 0x0000000800000000)
  region size 4096K, 3 young (12288K), 3 survivors (12288K)
 Metaspace       used 202889K, committed 205568K, reserved 1245184K
  class space    used 27404K, committed 28736K, reserved 1048576K
}
Event: 161.217 GC heap before
{Heap before GC invocations=90 (full 0):
 garbage-first heap   total 471040K, used 426592K [0x0000000600000000, 0x0000000800000000)
  region size 4096K, 39 young (159744K), 3 survivors (12288K)
 Metaspace       used 203007K, committed 205632K, reserved 1245184K
  class space    used 27412K, committed 28736K, reserved 1048576K
}
Event: 161.224 GC heap after
{Heap after GC invocations=91 (full 0):
 garbage-first heap   total 471040K, used 278142K [0x0000000600000000, 0x0000000800000000)
  region size 4096K, 3 young (12288K), 3 survivors (12288K)
 Metaspace       used 203007K, committed 205632K, reserved 1245184K
  class space    used 27412K, committed 28736K, reserved 1048576K
}
Event: 162.294 GC heap before
{Heap before GC invocations=91 (full 0):
 garbage-first heap   total 471040K, used 421502K [0x0000000600000000, 0x0000000800000000)
  region size 4096K, 39 young (159744K), 3 survivors (12288K)
 Metaspace       used 203033K, committed 205696K, reserved 1245184K
  class space    used 27412K, committed 28736K, reserved 1048576K
}
Event: 162.302 GC heap after
{Heap after GC invocations=92 (full 0):
 garbage-first heap   total 565248K, used 278275K [0x0000000600000000, 0x0000000800000000)
  region size 4096K, 3 young (12288K), 3 survivors (12288K)
 Metaspace       used 203033K, committed 205696K, reserved 1245184K
  class space    used 27412K, committed 28736K, reserved 1048576K
}
Event: 163.836 GC heap before
{Heap before GC invocations=93 (full 0):
 garbage-first heap   total 565248K, used 515843K [0x0000000600000000, 0x0000000800000000)
  region size 4096K, 61 young (249856K), 3 survivors (12288K)
 Metaspace       used 203106K, committed 205760K, reserved 1245184K
  class space    used 27417K, committed 28736K, reserved 1048576K
}
Event: 163.843 GC heap after
{Heap after GC invocations=94 (full 0):
 garbage-first heap   total 565248K, used 277096K [0x0000000600000000, 0x0000000800000000)
  region size 4096K, 3 young (12288K), 3 survivors (12288K)
 Metaspace       used 203106K, committed 205760K, reserved 1245184K
  class space    used 27417K, committed 28736K, reserved 1048576K
}
Event: 164.565 GC heap before
{Heap before GC invocations=94 (full 0):
 garbage-first heap   total 565248K, used 514664K [0x0000000600000000, 0x0000000800000000)
  region size 4096K, 61 young (249856K), 3 survivors (12288K)
 Metaspace       used 203149K, committed 205824K, reserved 1245184K
  class space    used 27418K, committed 28736K, reserved 1048576K
}
Event: 164.574 GC heap after
{Heap after GC invocations=95 (full 0):
 garbage-first heap   total 565248K, used 270951K [0x0000000600000000, 0x0000000800000000)
  region size 4096K, 3 young (12288K), 3 survivors (12288K)
 Metaspace       used 203149K, committed 205824K, reserved 1245184K
  class space    used 27418K, committed 28736K, reserved 1048576K
}
Event: 165.590 GC heap before
{Heap before GC invocations=95 (full 0):
 garbage-first heap   total 565248K, used 512615K [0x0000000600000000, 0x0000000800000000)
  region size 4096K, 62 young (253952K), 3 survivors (12288K)
 Metaspace       used 203337K, committed 205952K, reserved 1245184K
  class space    used 27439K, committed 28736K, reserved 1048576K
}
Event: 165.605 GC heap after
{Heap after GC invocations=96 (full 0):
 garbage-first heap   total 565248K, used 302866K [0x0000000600000000, 0x0000000800000000)
  region size 4096K, 8 young (32768K), 8 survivors (32768K)
 Metaspace       used 203337K, committed 205952K, reserved 1245184K
  class space    used 27439K, committed 28736K, reserved 1048576K
}
Event: 166.142 GC heap before
{Heap before GC invocations=97 (full 0):
 garbage-first heap   total 565248K, used 499474K [0x0000000600000000, 0x0000000800000000)
  region size 4096K, 56 young (229376K), 8 survivors (32768K)
 Metaspace       used 203371K, committed 206016K, reserved 1245184K
  class space    used 27440K, committed 28736K, reserved 1048576K
}
Event: 166.159 GC heap after
{Heap after GC invocations=98 (full 0):
 garbage-first heap   total 565248K, used 309997K [0x0000000600000000, 0x0000000800000000)
  region size 4096K, 4 young (16384K), 4 survivors (16384K)
 Metaspace       used 203371K, committed 206016K, reserved 1245184K
  class space    used 27440K, committed 28736K, reserved 1048576K
}
Event: 166.455 GC heap before
{Heap before GC invocations=98 (full 0):
 garbage-first heap   total 565248K, used 510701K [0x0000000600000000, 0x0000000800000000)
  region size 4096K, 53 young (217088K), 4 survivors (16384K)
 Metaspace       used 203382K, committed 206016K, reserved 1245184K
  class space    used 27440K, committed 28736K, reserved 1048576K
}
Event: 166.465 GC heap after
{Heap after GC invocations=99 (full 0):
 garbage-first heap   total 565248K, used 306441K [0x0000000600000000, 0x0000000800000000)
  region size 4096K, 3 young (12288K), 3 survivors (12288K)
 Metaspace       used 203382K, committed 206016K, reserved 1245184K
  class space    used 27440K, committed 28736K, reserved 1048576K
}
Event: 166.919 GC heap before
{Heap before GC invocations=99 (full 0):
 garbage-first heap   total 565248K, used 519433K [0x0000000600000000, 0x0000000800000000)
  region size 4096K, 55 young (225280K), 3 survivors (12288K)
 Metaspace       used 203395K, committed 206016K, reserved 1245184K
  class space    used 27441K, committed 28736K, reserved 1048576K
}
Event: 166.926 GC heap after
{Heap after GC invocations=100 (full 0):
 garbage-first heap   total 565248K, used 307088K [0x0000000600000000, 0x0000000800000000)
  region size 4096K, 4 young (16384K), 4 survivors (16384K)
 Metaspace       used 203395K, committed 206016K, reserved 1245184K
  class space    used 27441K, committed 28736K, reserved 1048576K
}

